<?xml version="1.0" encoding="UTF-8"?>
<testng-results total="1" passed="1" failed="0" skipped="0">
  <reporter-output>
  </reporter-output>
  <suite started-at="2020-09-27T10:37:52Z" name="Suite" finished-at="2020-09-27T10:38:13Z" duration-ms="20878">
    <groups>
      <group name="cucumber">
        <method signature="AbstractTestNGCucumberTests.feature(cucumber.api.testng.CucumberFeatureWrapper)[pri:0, instance:runner.RunCuke@79defdc]" name="feature" class="cucumber.api.testng.AbstractTestNGCucumberTests"/>
      </group> <!-- cucumber -->
    </groups>
    <test started-at="2020-09-27T10:37:52Z" name="Test" finished-at="2020-09-27T10:38:13Z" duration-ms="20878">
      <class name="runner.RunCuke">
        <test-method is-config="true" signature="setUpClass()[pri:0, instance:runner.RunCuke@79defdc]" started-at="2020-09-27T23:37:52Z" name="setUpClass" finished-at="2020-09-27T23:37:52Z" duration-ms="175" status="PASS">
          <reporter-output>
          </reporter-output>
        </test-method> <!-- setUpClass -->
        <test-method is-config="true" signature="setup()[pri:0, instance:runner.RunCuke@79defdc]" started-at="2020-09-27T23:37:52Z" name="setup" finished-at="2020-09-27T23:37:52Z" duration-ms="215" status="PASS">
          <reporter-output>
          </reporter-output>
        </test-method> <!-- setup -->
        <test-method signature="feature(cucumber.api.testng.CucumberFeatureWrapper)[pri:0, instance:runner.RunCuke@79defdc]" started-at="2020-09-27T23:37:52Z" name="feature" description="Runs Cucumber Feature" data-provider="features" finished-at="2020-09-27T23:38:12Z" duration-ms="20322" status="PASS">
          <params>
            <param index="0">
              <value>
                <![CDATA[Acceptance testing to validate the make 'Kia' exists]]>
              </value>
            </param>
          </params>
          <reporter-output>
          </reporter-output>
        </test-method> <!-- feature -->
        <test-method is-config="true" signature="tearDownClass()[pri:0, instance:runner.RunCuke@79defdc]" started-at="2020-09-27T23:38:12Z" name="tearDownClass" finished-at="2020-09-27T23:38:13Z" duration-ms="105" status="PASS">
          <reporter-output>
          </reporter-output>
        </test-method> <!-- tearDownClass -->
      </class> <!-- runner.RunCuke -->
    </test> <!-- Test -->
  </suite> <!-- Suite -->
</testng-results>
